Questa Intel Starter FPGA Edition-64 vlog 2024.3 Compiler 2024.09 Sep 10 2024
Start time: 16:30:13 on Dec 24,2025
vlog "+incdir+./../FPU_MUL/lib" -f ./../FPU_MUL/flist.f 
-- Compiling package tb_fpu_mul_sv_unit
-- Compiling module tb_fpu_mul
-- Compiling module fpu_mul
-- Compiling module MUL_EXP_adjust
-- Compiling module MUL_EXP_rounding
-- Compiling module MUL_EXP_unit
-- Compiling module MUL_MAN_mul
-- Compiling module MUL_MAN_rounding
-- Compiling module MUL_NOR_unit
-- Compiling module MUL_PSC_unit
-- Compiling module CLA_4bit
-- Compiling module CLA_8bit
-- Compiling module CLA_24bit
-- Compiling module COMP_4bit
-- Compiling module COMP_8bit
-- Compiling module COMP_24bit
-- Compiling module COMP_CLA_24bit
-- Compiling module COMP_CLA_4bit
-- Compiling module LOPD_4bit
-- Compiling module LOPD_8bit
-- Compiling module LOPD_16bit
-- Compiling module LOPD_24bit
-- Compiling module SHF_left
-- Compiling module SHF_right

Top level modules:
	tb_fpu_mul
	MUL_EXP_adjust
	CLA_24bit
	COMP_8bit
	COMP_24bit
	COMP_CLA_24bit
	LOPD_4bit
	SHF_right
End time: 16:30:13 on Dec 24,2025, Elapsed time: 0:00:00
Errors: 0, Warnings: 0
