Command: report datapath > ./slow_vdd1v0_basicCells_hvt/report/FFT_8Points_datapath.rpt
============================================================
  Generated by:           Genus(TM) Synthesis Solution GENUS15.20 - 15.20-p004_1
  Generated on:           Jan 02 2026  10:02:16 pm
  Module:                 FFT_8Points
  Wireload mode:          enclosed
  Area mode:              timing library
============================================================


Inferred components

           Operator Signedness Inputs Outputs CellArea 
=======================================================
FFT_8Points
 BFLY3_1
  mul0
   MAN_MUL_UNIT
    mul_13_34
     
     module:mult_unsigned_const_6
      slow *(const) unsigned   24     48       1140.57 
=======================================================
FFT_8Points
 BFLY3_1
  mul1
   MAN_MUL_UNIT
    mul_13_34
     
     module:mult_unsigned_const_5
      slow *(const) unsigned   24     48       1140.57 
=======================================================
FFT_8Points
 BFLY3_1
  mul2
   MAN_MUL_UNIT
    mul_13_34
     
     module:mult_unsigned_const_4
      slow *(const) unsigned   24     48       1140.57 
=======================================================
FFT_8Points
 BFLY3_1
  mul3
   MAN_MUL_UNIT
    mul_13_34
     
     module:mult_unsigned_const_3
      slow *(const) unsigned   24     48       1140.57 
=======================================================
FFT_8Points
 BFLY3_3
  mul0
   MAN_MUL_UNIT
    mul_13_34
     
     module:mult_unsigned_const
      slow *(const) unsigned   24     48       1140.57 
=======================================================
FFT_8Points
 BFLY3_3
  mul1
   MAN_MUL_UNIT
    mul_13_34
     
     module:mult_unsigned_const_7
      slow *(const) unsigned   24     48       1140.57 
=======================================================

      Type        CellArea Percentage 
--------------------------------------
datapath modules   6843.42       3.91 
external muxes        0.00       0.00 
others           168328.98      96.09 
--------------------------------------
total            175172.40     100.00 

