============================================================
  Generated by:           Genus(TM) Synthesis Solution GENUS15.20 - 15.20-p004_1
  Generated on:           Jan 02 2026  10:02:16 pm
  Module:                 FFT_8Points
  Wireload mode:          enclosed
  Area mode:              timing library
============================================================

Timing
-------
  Cost    Critical       Violating 
 Group   Path Slack TNS    Paths   
-----------------------------------
default    No paths   0            
-----------------------------------
Total                 0          0 

Instance Count
--------------
Leaf Instance Count             87128 
Sequential Instance Count        2054 
Combinational Instance Count    85074 
Hierarchical Instance Count      3363 

Area
----
Cell Area                          175172.400
Physical Cell Area                 0.000
Total Cell Area (Cell+Physical)    175172.400
Net Area                           0.000
Total Area (Cell+Physical+Net)     175172.400

Max Fanout                         2054 (i_rst_n)
Min Fanout                         0 (BFLY1_0/add0/EXP_ADJUST/CLA_8BIT_UNIT/w_G_22)
Average Fanout                     2.6
Terms to net ratio                 3.6
Terms to instance ratio            3.9
Runtime                            662.696 seconds
Elapsed Runtime                    688 seconds
RC peak memory usage:              1224.42 
EDI peak memory usage:             no_value 
Hostname                           centos7
