============================================================
  Generated by:           Genus(TM) Synthesis Solution GENUS15.20 - 15.20-p004_1
  Generated on:           Jan 02 2026  10:02:16 pm
  Module:                 FFT_8Points
  Wireload mode:          enclosed
  Area mode:              timing library
============================================================

                                    
    Gate      Instances     Area        Library    
---------------------------------------------------
ADDFX1HVT          1018    5222.340    slow_vdd1v0 
ADDFX2HVT             8      62.928    slow_vdd1v0 
ADDHX1HVT          2660   10006.920    slow_vdd1v0 
AND2X1HVT          1712    2342.016    slow_vdd1v0 
AND2X2HVT           100     171.000    slow_vdd1v0 
AND2X4HVT             1       2.736    slow_vdd1v0 
AND3XLHVT           114     233.928    slow_vdd1v0 
AND4XLHVT           412     986.328    slow_vdd1v0 
AO21X1HVT           176     421.344    slow_vdd1v0 
AO21X4HVT           144     492.480    slow_vdd1v0 
AO22X1HVT           666    1822.176    slow_vdd1v0 
AOI211XLHVT           6      12.312    slow_vdd1v0 
AOI21X1HVT           72     123.120    slow_vdd1v0 
AOI21XLHVT          592    1012.320    slow_vdd1v0 
AOI221X1HVT         574    1374.156    slow_vdd1v0 
AOI222X1HVT         418    1286.604    slow_vdd1v0 
AOI22X1HVT           12      24.624    slow_vdd1v0 
AOI22XLHVT        12194   25022.088    slow_vdd1v0 
AOI2BB1X1HVT        844    1731.888    slow_vdd1v0 
AOI31X1HVT          144     295.488    slow_vdd1v0 
AOI32X1HVT          268     641.592    slow_vdd1v0 
BUFX2HVT            168     287.280    slow_vdd1v0 
CLKINVX16HVT          4      21.888    slow_vdd1v0 
CLKINVX4HVT           1       1.710    slow_vdd1v0 
CLKXOR2X1HVT       2037    5573.232    slow_vdd1v0 
DFFRHQX1HVT        1593    9806.508    slow_vdd1v0 
DFFRHQX2HVT          12      94.392    slow_vdd1v0 
DFFRX1HVT             1       6.840    slow_vdd1v0 
INVX1HVT           6607    4519.188    slow_vdd1v0 
INVX2HVT            174     178.524    slow_vdd1v0 
INVXLHVT            587     401.508    slow_vdd1v0 
MX2X1HVT           7518   17998.092    slow_vdd1v0 
MXI2XLHVT            20      47.880    slow_vdd1v0 
NAND2BX1HVT        1776    2429.568    slow_vdd1v0 
NAND2BX2HVT          72     172.368    slow_vdd1v0 
NAND2X1HVT          474     486.324    slow_vdd1v0 
NAND2X2HVT          390     666.900    slow_vdd1v0 
NAND2XLHVT         5636    5782.536    slow_vdd1v0 
NAND3BX1HVT         174     357.048    slow_vdd1v0 
NAND3BXLHVT         308     526.680    slow_vdd1v0 
NAND3X1HVT           72     123.120    slow_vdd1v0 
NAND4BBX1HVT         10      34.200    slow_vdd1v0 
NAND4BX1HVT          26      62.244    slow_vdd1v0 
NAND4X1HVT          508    1042.416    slow_vdd1v0 
NAND4X2HVT           10      37.620    slow_vdd1v0 
NOR2BX1HVT         2130    2913.840    slow_vdd1v0 
NOR2BX2HVT           78     213.408    slow_vdd1v0 
NOR2X1HVT            92      94.392    slow_vdd1v0 
NOR2X2HVT           346     591.660    slow_vdd1v0 
NOR2XLHVT          3386    3474.036    slow_vdd1v0 
NOR3BXLHVT          352     722.304    slow_vdd1v0 
NOR3XLHVT            92     157.320    slow_vdd1v0 
NOR4BX1HVT          504    1206.576    slow_vdd1v0 
NOR4X1HVT          1154    1973.340    slow_vdd1v0 
OA21X1HVT           376     771.552    slow_vdd1v0 
OA22X1HVT           490    1173.060    slow_vdd1v0 
OAI211X1HVT         724    1238.040    slow_vdd1v0 
OAI21X1HVT          216     369.360    slow_vdd1v0 
OAI21XLHVT         1228    2099.880    slow_vdd1v0 
OAI221X1HVT        1038    2484.972    slow_vdd1v0 
OAI222X1HVT         288     787.968    slow_vdd1v0 
OAI22X1HVT          144     295.488    slow_vdd1v0 
OAI22XLHVT         4476    9184.752    slow_vdd1v0 
OAI2BB1X1HVT       6840   11696.400    slow_vdd1v0 
OAI31X1HVT           20      41.040    slow_vdd1v0 
OAI32X1HVT          536    1283.184    slow_vdd1v0 
OAI33X1HVT           46     125.856    slow_vdd1v0 
OR2X1HVT           2640    3611.520    slow_vdd1v0 
OR3X1HVT             60     123.120    slow_vdd1v0 
OR4X1HVT           2788    5720.976    slow_vdd1v0 
SDFFRHQX1HVT        448    3677.184    slow_vdd1v0 
XNOR2X1HVT         6239   14936.166    slow_vdd1v0 
XNOR2X2HVT           84     258.552    slow_vdd1v0 
---------------------------------------------------
total             87128  175172.400                


                                       
   Type    Instances    Area    Area % 
---------------------------------------
sequential      2054  13584.924    7.8 
inverter        7373   5122.818    2.9 
buffer           168    287.280    0.2 
logic          77533 156177.378   89.2 
---------------------------------------
total          87128 175172.400  100.0 

